 -------------------------- MOHID -------------------------
 
       AUTHOR   : IST/MARETEC, Marine Modelling Group      
       WWW      : http://www.mohid.com
 
 
 Copyright (C) 1985, 1998, 2002, 2006.
 Instituto Superior Tecnico, Technical University of Lisbon
 -------------------------- MOHID -------------------------
 
 Constructing ConvertToHDF5
 Please Wait...
 
 Running ConvertToHDF5...
 
 No error message
 Data File does not exists : nomfich.dat
 INTERPOLATE GRIDS                                                              
                                                  
 Reading instructions...
 
 Type of interpolation : Triangulation
 
 Constructing father grid...
 Constructing new grid...
 Constructing communication between grids...
 Number of instants in available data:            9
 Reading air temperature fields
 Interpolating : air temperature_00001           2
 Interpolating : air temperature_00002           4
 Interpolating : air temperature_00003           6
 Interpolating : air temperature_00004           8
 Interpolating : air temperature_00005          10
 Interpolating : air temperature_00006          12
 Interpolating : air temperature_00007          14
 Interpolating : air temperature_00008          16
 Interpolating : air temperature_00009          18
 Reading downward long wave radiation fields
 Interpolating : downward long wave radiation_00001          20
 Interpolating : downward long wave radiation_00002          22
 Interpolating : downward long wave radiation_00003          24
 Interpolating : downward long wave radiation_00004          26
 Interpolating : downward long wave radiation_00005          28
 Interpolating : downward long wave radiation_00006          30
 Interpolating : downward long wave radiation_00007          32
 Interpolating : downward long wave radiation_00008          34
 Interpolating : downward long wave radiation_00009          36
 Reading precipitation fields
 Interpolating : precipitation_00001          38
 Interpolating : precipitation_00002          40
 Interpolating : precipitation_00003          42
 Interpolating : precipitation_00004          44
 Interpolating : precipitation_00005          46
 Interpolating : precipitation_00006          48
 Interpolating : precipitation_00007          50
 Interpolating : precipitation_00008          52
 Interpolating : precipitation_00009          54
 Reading relative humidity fields
 Interpolating : relative humidity_00001          56
 Interpolating : relative humidity_00002          58
 Interpolating : relative humidity_00003          60
 Interpolating : relative humidity_00004          62
 Interpolating : relative humidity_00005          64
 Interpolating : relative humidity_00006          66
 Interpolating : relative humidity_00007          68
 Interpolating : relative humidity_00008          70
 Interpolating : relative humidity_00009          72
 Unknown property: 
 snow depth                                                                     
                                                  
 Reading solar radiation fields
 Interpolating : solar radiation_00001          74
 Interpolating : solar radiation_00002          76
 Interpolating : solar radiation_00003          78
 Interpolating : solar radiation_00004          80
 Interpolating : solar radiation_00005          82
 Interpolating : solar radiation_00006          84
 Interpolating : solar radiation_00007          86
 Interpolating : solar radiation_00008          88
 Interpolating : solar radiation_00009          90
 Reading wind modulus fields
 Interpolating : wind modulus_00001          92
 Interpolating : wind modulus_00002          94
 Interpolating : wind modulus_00003          96
 Interpolating : wind modulus_00004          98
 Interpolating : wind modulus_00005         100
 Interpolating : wind modulus_00006         102
 Interpolating : wind modulus_00007         104
 Interpolating : wind modulus_00008         106
 Interpolating : wind modulus_00009         108
 Reading wind velocity X fields
 Interpolating : wind velocity X_00001         110
 Interpolating : wind velocity X_00002         112
 Interpolating : wind velocity X_00003         114
 Interpolating : wind velocity X_00004         116
 Interpolating : wind velocity X_00005         118
 Interpolating : wind velocity X_00006         120
 Interpolating : wind velocity X_00007         122
 Interpolating : wind velocity X_00008         124
 Interpolating : wind velocity X_00009         126
 Reading wind velocity Y fields
 Interpolating : wind velocity Y_00001         128
 Interpolating : wind velocity Y_00002         130
 Interpolating : wind velocity Y_00003         132
 Interpolating : wind velocity Y_00004         134
 Interpolating : wind velocity Y_00005         136
 Interpolating : wind velocity Y_00006         138
 Interpolating : wind velocity Y_00007         140
 Interpolating : wind velocity Y_00008         142
 Interpolating : wind velocity Y_00009         144
 Killing father grid...
 -------------------------- MOHID -------------------------
 
 Program ConvertToHDF5 successfully terminated
 
 
 Total Elapsed Time     :          40.80   0h  0min 40s

 Total CPU time         :          40.03

 CPU usage (%)          :          98.13

 
 ----------------------------------------------------------
