 -------------------------- MOHID -------------------------
 
       AUTHOR   : IST/MARETEC, Marine Modelling Group      
       WWW      : http://www.mohid.com
 
 
 Copyright (C) 1985, 1998, 2002, 2006.
 Instituto Superior Tecnico, Technical University of Lisbon
 -------------------------- MOHID -------------------------
 
 Constructing ConvertToHDF5
 Please Wait...
 
 Running ConvertToHDF5...
 
 No error message
 Data File does not exists : nomfich.dat
 INTERPOLATE GRIDS                                                              
                                                  
 Reading instructions...
 
 Type of interpolation : Triangulation
 
 Constructing father grid...
 Constructing new grid...
 Constructing communication between grids...
 Number of instants in available data:           24
 Reading air temperature fields
 Interpolating : air temperature_00007           2
 Interpolating : air temperature_00008           4
 Interpolating : air temperature_00009           6
 Interpolating : air temperature_00010           8
 Interpolating : air temperature_00011          10
 Interpolating : air temperature_00012          12
 Interpolating : air temperature_00013          14
 Interpolating : air temperature_00014          16
 Interpolating : air temperature_00015          18
 Interpolating : air temperature_00016          20
 Interpolating : air temperature_00017          22
 Interpolating : air temperature_00018          24
 Interpolating : air temperature_00019          26
 Interpolating : air temperature_00020          28
 Interpolating : air temperature_00021          30
 Interpolating : air temperature_00022          32
 Interpolating : air temperature_00023          34
 Reading downward long wave radiation fields
 Interpolating : downward long wave radiation_00007          36
 Interpolating : downward long wave radiation_00008          38
 Interpolating : downward long wave radiation_00009          40
 Interpolating : downward long wave radiation_00010          42
 Interpolating : downward long wave radiation_00011          44
 Interpolating : downward long wave radiation_00012          46
 Interpolating : downward long wave radiation_00013          48
 Interpolating : downward long wave radiation_00014          50
 Interpolating : downward long wave radiation_00015          52
 Interpolating : downward long wave radiation_00016          54
 Interpolating : downward long wave radiation_00017          56
 Interpolating : downward long wave radiation_00018          58
 Interpolating : downward long wave radiation_00019          60
 Interpolating : downward long wave radiation_00020          62
 Interpolating : downward long wave radiation_00021          64
 Interpolating : downward long wave radiation_00022          66
 Interpolating : downward long wave radiation_00023          68
 Reading precipitation fields
 Interpolating : precipitation_00007          70
 Interpolating : precipitation_00008          72
 Interpolating : precipitation_00009          74
 Interpolating : precipitation_00010          76
 Interpolating : precipitation_00011          78
 Interpolating : precipitation_00012          80
 Interpolating : precipitation_00013          82
 Interpolating : precipitation_00014          84
 Interpolating : precipitation_00015          86
 Interpolating : precipitation_00016          88
 Interpolating : precipitation_00017          90
 Interpolating : precipitation_00018          92
 Interpolating : precipitation_00019          94
 Interpolating : precipitation_00020          96
 Interpolating : precipitation_00021          98
 Interpolating : precipitation_00022         100
 Interpolating : precipitation_00023         102
 Reading relative humidity fields
 Interpolating : relative humidity_00007         104
 Interpolating : relative humidity_00008         106
 Interpolating : relative humidity_00009         108
 Interpolating : relative humidity_00010         110
 Interpolating : relative humidity_00011         112
 Interpolating : relative humidity_00012         114
 Interpolating : relative humidity_00013         116
 Interpolating : relative humidity_00014         118
 Interpolating : relative humidity_00015         120
 Interpolating : relative humidity_00016         122
 Interpolating : relative humidity_00017         124
 Interpolating : relative humidity_00018         126
 Interpolating : relative humidity_00019         128
 Interpolating : relative humidity_00020         130
 Interpolating : relative humidity_00021         132
 Interpolating : relative humidity_00022         134
 Interpolating : relative humidity_00023         136
 Reading solar radiation fields
 Interpolating : solar radiation_00007         138
 Interpolating : solar radiation_00008         140
 Interpolating : solar radiation_00009         142
 Interpolating : solar radiation_00010         144
 Interpolating : solar radiation_00011         146
 Interpolating : solar radiation_00012         148
 Interpolating : solar radiation_00013         150
 Interpolating : solar radiation_00014         152
 Interpolating : solar radiation_00015         154
 Interpolating : solar radiation_00016         156
 Interpolating : solar radiation_00017         158
 Interpolating : solar radiation_00018         160
 Interpolating : solar radiation_00019         162
 Interpolating : solar radiation_00020         164
 Interpolating : solar radiation_00021         166
 Interpolating : solar radiation_00022         168
 Interpolating : solar radiation_00023         170
 Reading wind modulus fields
 Interpolating : wind modulus_00007         172
 Interpolating : wind modulus_00008         174
 Interpolating : wind modulus_00009         176
 Interpolating : wind modulus_00010         178
 Interpolating : wind modulus_00011         180
 Interpolating : wind modulus_00012         182
 Interpolating : wind modulus_00013         184
 Interpolating : wind modulus_00014         186
 Interpolating : wind modulus_00015         188
 Interpolating : wind modulus_00016         190
 Interpolating : wind modulus_00017         192
 Interpolating : wind modulus_00018         194
 Interpolating : wind modulus_00019         196
 Interpolating : wind modulus_00020         198
 Interpolating : wind modulus_00021         200
 Interpolating : wind modulus_00022         202
 Interpolating : wind modulus_00023         204
 Reading wind velocity X fields
 Interpolating : wind velocity X_00007         206
 Interpolating : wind velocity X_00008         208
 Interpolating : wind velocity X_00009         210
 Interpolating : wind velocity X_00010         212
 Interpolating : wind velocity X_00011         214
 Interpolating : wind velocity X_00012         216
 Interpolating : wind velocity X_00013         218
 Interpolating : wind velocity X_00014         220
 Interpolating : wind velocity X_00015         222
 Interpolating : wind velocity X_00016         224
 Interpolating : wind velocity X_00017         226
 Interpolating : wind velocity X_00018         228
 Interpolating : wind velocity X_00019         230
 Interpolating : wind velocity X_00020         232
 Interpolating : wind velocity X_00021         234
 Interpolating : wind velocity X_00022         236
 Interpolating : wind velocity X_00023         238
 Reading wind velocity Y fields
 Interpolating : wind velocity Y_00007         240
 Interpolating : wind velocity Y_00008         242
 Interpolating : wind velocity Y_00009         244
 Interpolating : wind velocity Y_00010         246
 Interpolating : wind velocity Y_00011         248
 Interpolating : wind velocity Y_00012         250
 Interpolating : wind velocity Y_00013         252
 Interpolating : wind velocity Y_00014         254
 Interpolating : wind velocity Y_00015         256
 Interpolating : wind velocity Y_00016         258
 Interpolating : wind velocity Y_00017         260
 Interpolating : wind velocity Y_00018         262
 Interpolating : wind velocity Y_00019         264
 Interpolating : wind velocity Y_00020         266
 Interpolating : wind velocity Y_00021         268
 Interpolating : wind velocity Y_00022         270
 Interpolating : wind velocity Y_00023         272
 Killing father grid...
 -------------------------- MOHID -------------------------
 
 Program ConvertToHDF5 successfully terminated
 
 
 Total Elapsed Time     :         154.75   0h  2min 34s

 Total CPU time         :         153.91

 CPU usage (%)          :          99.45

 
 ----------------------------------------------------------
