 -------------------------- MOHID -------------------------
 
       AUTHOR   : IST/MARETEC, Marine Modelling Group      
       WWW      : http://www.mohid.com
 
 
 Copyright (C) 1985, 1998, 2002, 2006.
 Instituto Superior Tecnico, Technical University of Lisbon
 -------------------------- MOHID -------------------------
 
 Constructing ConvertToHDF5
 Please Wait...
 
 Running ConvertToHDF5...
 
 No error message
 Data File does not exists : nomfich.dat
 PATCH HDF5 FILES                                                               
                                                  
 Reading instructions...
 
 Type of interpolation : Triangulation
 
 Constructing father grid...
 Using Lambert Conformal Conic Projection
 with parameters :
 SP1                  =  30.0000000000000
 SP2                  =  60.0000000000000
 Reference Longitude  =  -8.50000000000000
 Reference Latitude   =  40.0000000000000
 
 Constructing father grid...
 Using Lambert Conformal Conic Projection
 with parameters :
 SP1                  =  30.0000000000000
 SP2                  =  60.0000000000000
 Reference Longitude  =  -8.50000000000000
 Reference Latitude   =  40.0000000000000
 
 Constructing new grid...
 Constructing communication between grids...
 Checking father file:MM5_D3.hdf5
 Number of instants in available data:           30
 Checking father file:MM5_D2.hdf5
 Number of instants in available data:           30
 Reading air temperature fields
 Interpolating : air temperature_00006           1
 Interpolating : air temperature_00007           2
 Interpolating : air temperature_00008           3
 Interpolating : air temperature_00009           4
 Interpolating : air temperature_00010           5
 Interpolating : air temperature_00011           6
 Interpolating : air temperature_00012           7
 Interpolating : air temperature_00013           8
 Interpolating : air temperature_00014           9
 Interpolating : air temperature_00015          10
 Interpolating : air temperature_00016          11
 Interpolating : air temperature_00017          12
 Interpolating : air temperature_00018          13
 Interpolating : air temperature_00019          14
 Interpolating : air temperature_00020          15
 Interpolating : air temperature_00021          16
 Interpolating : air temperature_00022          17
 Interpolating : air temperature_00023          18
 Interpolating : air temperature_00024          19
 Interpolating : air temperature_00025          20
 Interpolating : air temperature_00026          21
 Interpolating : air temperature_00027          22
 Interpolating : air temperature_00028          23
 Interpolating : air temperature_00029          24
 Interpolating : air temperature_00030          25
 Reading downward long wave radiation fields
 Interpolating : downward long wave radiation_00006          26
 Interpolating : downward long wave radiation_00007          27
 Interpolating : downward long wave radiation_00008          28
 Interpolating : downward long wave radiation_00009          29
 Interpolating : downward long wave radiation_00010          30
 Interpolating : downward long wave radiation_00011          31
 Interpolating : downward long wave radiation_00012          32
 Interpolating : downward long wave radiation_00013          33
 Interpolating : downward long wave radiation_00014          34
 Interpolating : downward long wave radiation_00015          35
 Interpolating : downward long wave radiation_00016          36
 Interpolating : downward long wave radiation_00017          37
 Interpolating : downward long wave radiation_00018          38
 Interpolating : downward long wave radiation_00019          39
 Interpolating : downward long wave radiation_00020          40
 Interpolating : downward long wave radiation_00021          41
 Interpolating : downward long wave radiation_00022          42
 Interpolating : downward long wave radiation_00023          43
 Interpolating : downward long wave radiation_00024          44
 Interpolating : downward long wave radiation_00025          45
 Interpolating : downward long wave radiation_00026          46
 Interpolating : downward long wave radiation_00027          47
 Interpolating : downward long wave radiation_00028          48
 Interpolating : downward long wave radiation_00029          49
 Interpolating : downward long wave radiation_00030          50
 Reading mean sea level pressure fields
 Interpolating : mean sea level pressure_00006          51
 Interpolating : mean sea level pressure_00007          52
 Interpolating : mean sea level pressure_00008          53
 Interpolating : mean sea level pressure_00009          54
 Interpolating : mean sea level pressure_00010          55
 Interpolating : mean sea level pressure_00011          56
 Interpolating : mean sea level pressure_00012          57
 Interpolating : mean sea level pressure_00013          58
 Interpolating : mean sea level pressure_00014          59
 Interpolating : mean sea level pressure_00015          60
 Interpolating : mean sea level pressure_00016          61
 Interpolating : mean sea level pressure_00017          62
 Interpolating : mean sea level pressure_00018          63
 Interpolating : mean sea level pressure_00019          64
 Interpolating : mean sea level pressure_00020          65
 Interpolating : mean sea level pressure_00021          66
 Interpolating : mean sea level pressure_00022          67
 Interpolating : mean sea level pressure_00023          68
 Interpolating : mean sea level pressure_00024          69
 Interpolating : mean sea level pressure_00025          70
 Interpolating : mean sea level pressure_00026          71
 Interpolating : mean sea level pressure_00027          72
 Interpolating : mean sea level pressure_00028          73
 Interpolating : mean sea level pressure_00029          74
 Interpolating : mean sea level pressure_00030          75
 Reading precipitation fields
 Interpolating : precipitation_00006          76
 Interpolating : precipitation_00007          77
 Interpolating : precipitation_00008          78
 Interpolating : precipitation_00009          79
 Interpolating : precipitation_00010          80
 Interpolating : precipitation_00011          81
 Interpolating : precipitation_00012          82
 Interpolating : precipitation_00013          83
 Interpolating : precipitation_00014          84
 Interpolating : precipitation_00015          85
 Interpolating : precipitation_00016          86
 Interpolating : precipitation_00017          87
 Interpolating : precipitation_00018          88
 Interpolating : precipitation_00019          89
 Interpolating : precipitation_00020          90
 Interpolating : precipitation_00021          91
 Interpolating : precipitation_00022          92
 Interpolating : precipitation_00023          93
 Interpolating : precipitation_00024          94
 Interpolating : precipitation_00025          95
 Interpolating : precipitation_00026          96
 Interpolating : precipitation_00027          97
 Interpolating : precipitation_00028          98
 Interpolating : precipitation_00029          99
 Interpolating : precipitation_00030         100
 Reading relative humidity fields
 Interpolating : relative humidity_00006         101
 Interpolating : relative humidity_00007         102
 Interpolating : relative humidity_00008         103
 Interpolating : relative humidity_00009         104
 Interpolating : relative humidity_00010         105
 Interpolating : relative humidity_00011         106
 Interpolating : relative humidity_00012         107
 Interpolating : relative humidity_00013         108
 Interpolating : relative humidity_00014         109
 Interpolating : relative humidity_00015         110
 Interpolating : relative humidity_00016         111
 Interpolating : relative humidity_00017         112
 Interpolating : relative humidity_00018         113
 Interpolating : relative humidity_00019         114
 Interpolating : relative humidity_00020         115
 Interpolating : relative humidity_00021         116
 Interpolating : relative humidity_00022         117
 Interpolating : relative humidity_00023         118
 Interpolating : relative humidity_00024         119
 Interpolating : relative humidity_00025         120
 Interpolating : relative humidity_00026         121
 Interpolating : relative humidity_00027         122
 Interpolating : relative humidity_00028         123
 Interpolating : relative humidity_00029         124
 Interpolating : relative humidity_00030         125
 Reading solar radiation fields
 Interpolating : solar radiation_00006         126
 Interpolating : solar radiation_00007         127
 Interpolating : solar radiation_00008         128
 Interpolating : solar radiation_00009         129
 Interpolating : solar radiation_00010         130
 Interpolating : solar radiation_00011         131
 Interpolating : solar radiation_00012         132
 Interpolating : solar radiation_00013         133
 Interpolating : solar radiation_00014         134
 Interpolating : solar radiation_00015         135
 Interpolating : solar radiation_00016         136
 Interpolating : solar radiation_00017         137
 Interpolating : solar radiation_00018         138
 Interpolating : solar radiation_00019         139
 Interpolating : solar radiation_00020         140
 Interpolating : solar radiation_00021         141
 Interpolating : solar radiation_00022         142
 Interpolating : solar radiation_00023         143
 Interpolating : solar radiation_00024         144
 Interpolating : solar radiation_00025         145
 Interpolating : solar radiation_00026         146
 Interpolating : solar radiation_00027         147
 Interpolating : solar radiation_00028         148
 Interpolating : solar radiation_00029         149
 Interpolating : solar radiation_00030         150
 Reading wind modulus fields
 Interpolating : wind modulus_00006         151
 Interpolating : wind modulus_00007         152
 Interpolating : wind modulus_00008         153
 Interpolating : wind modulus_00009         154
 Interpolating : wind modulus_00010         155
 Interpolating : wind modulus_00011         156
 Interpolating : wind modulus_00012         157
 Interpolating : wind modulus_00013         158
 Interpolating : wind modulus_00014         159
 Interpolating : wind modulus_00015         160
 Interpolating : wind modulus_00016         161
 Interpolating : wind modulus_00017         162
 Interpolating : wind modulus_00018         163
 Interpolating : wind modulus_00019         164
 Interpolating : wind modulus_00020         165
 Interpolating : wind modulus_00021         166
 Interpolating : wind modulus_00022         167
 Interpolating : wind modulus_00023         168
 Interpolating : wind modulus_00024         169
 Interpolating : wind modulus_00025         170
 Interpolating : wind modulus_00026         171
 Interpolating : wind modulus_00027         172
 Interpolating : wind modulus_00028         173
 Interpolating : wind modulus_00029         174
 Interpolating : wind modulus_00030         175
 Reading wind velocity X fields
 Interpolating : wind velocity X_00006         176
 Interpolating : wind velocity X_00007         177
 Interpolating : wind velocity X_00008         178
 Interpolating : wind velocity X_00009         179
 Interpolating : wind velocity X_00010         180
 Interpolating : wind velocity X_00011         181
 Interpolating : wind velocity X_00012         182
 Interpolating : wind velocity X_00013         183
 Interpolating : wind velocity X_00014         184
 Interpolating : wind velocity X_00015         185
 Interpolating : wind velocity X_00016         186
 Interpolating : wind velocity X_00017         187
 Interpolating : wind velocity X_00018         188
 Interpolating : wind velocity X_00019         189
 Interpolating : wind velocity X_00020         190
 Interpolating : wind velocity X_00021         191
 Interpolating : wind velocity X_00022         192
 Interpolating : wind velocity X_00023         193
 Interpolating : wind velocity X_00024         194
 Interpolating : wind velocity X_00025         195
 Interpolating : wind velocity X_00026         196
 Interpolating : wind velocity X_00027         197
 Interpolating : wind velocity X_00028         198
 Interpolating : wind velocity X_00029         199
 Interpolating : wind velocity X_00030         200
 Reading wind velocity Y fields
 Interpolating : wind velocity Y_00006         201
 Interpolating : wind velocity Y_00007         202
 Interpolating : wind velocity Y_00008         203
 Interpolating : wind velocity Y_00009         204
 Interpolating : wind velocity Y_00010         205
 Interpolating : wind velocity Y_00011         206
 Interpolating : wind velocity Y_00012         207
 Interpolating : wind velocity Y_00013         208
 Interpolating : wind velocity Y_00014         209
 Interpolating : wind velocity Y_00015         210
 Interpolating : wind velocity Y_00016         211
 Interpolating : wind velocity Y_00017         212
 Interpolating : wind velocity Y_00018         213
 Interpolating : wind velocity Y_00019         214
 Interpolating : wind velocity Y_00020         215
 Interpolating : wind velocity Y_00021         216
 Interpolating : wind velocity Y_00022         217
 Interpolating : wind velocity Y_00023         218
 Interpolating : wind velocity Y_00024         219
 Interpolating : wind velocity Y_00025         220
 Interpolating : wind velocity Y_00026         221
 Interpolating : wind velocity Y_00027         222
 Interpolating : wind velocity Y_00028         223
 Interpolating : wind velocity Y_00029         224
 Interpolating : wind velocity Y_00030         225
 Killing father grid...
 Killing father grid...
 -------------------------- MOHID -------------------------
 
 Program ConvertToHDF5 successfully terminated
 
 
 Total Elapsed Time     :          26.48   0h  0min 26s

 Total CPU time         :          25.72

 CPU usage (%)          :          97.12

 
 ----------------------------------------------------------
