 -------------------------- MOHID -------------------------
 
       AUTHOR   : IST/MARETEC, Marine Modelling Group      
       WWW      : http://www.mohid.com
 
 
 Copyright (C) 1985, 1998, 2002, 2006.
 Instituto Superior Tecnico, Technical University of Lisbon
 -------------------------- MOHID -------------------------
 
 Constructing ConvertToHDF5
 Please Wait...
 
 Running ConvertToHDF5...
 
 No error message
 Data File does not exists : nomfich.dat
 INTERPOLATE GRIDS                                                              
                                                  
 Reading instructions...
 
 Type of interpolation : Triangulation
 
 Constructing father grid...
 Using Lambert Conformal Conic Projection
 with parameters :
 SP1                  =  39.9000015258789
 SP2                  =  39.9000015258789
 Reference Longitude  =  -8.87344360351562
 Reference Latitude   =  39.6966819763184
 
 Constructing new grid...
 Constructing communication between grids...
 Number of instants in available data:           30
 Reading air temperature fields
 Interpolating : air temperature_00001           2
 Interpolating : air temperature_00002           4
 Interpolating : air temperature_00003           6
 Interpolating : air temperature_00004           8
 Interpolating : air temperature_00005          10
 Interpolating : air temperature_00006          12
 Interpolating : air temperature_00007          14
 Interpolating : air temperature_00008          16
 Interpolating : air temperature_00009          18
 Interpolating : air temperature_00010          20
 Interpolating : air temperature_00011          22
 Interpolating : air temperature_00012          24
 Interpolating : air temperature_00013          26
 Interpolating : air temperature_00014          28
 Interpolating : air temperature_00015          30
 Interpolating : air temperature_00016          32
 Interpolating : air temperature_00017          34
 Interpolating : air temperature_00018          36
 Interpolating : air temperature_00019          38
 Interpolating : air temperature_00020          40
 Interpolating : air temperature_00021          42
 Interpolating : air temperature_00022          44
 Interpolating : air temperature_00023          46
 Interpolating : air temperature_00024          48
 Interpolating : air temperature_00025          50
 Reading downward long wave radiation fields
 Interpolating : downward long wave radiation_00001          52
 Interpolating : downward long wave radiation_00002          54
 Interpolating : downward long wave radiation_00003          56
 Interpolating : downward long wave radiation_00004          58
 Interpolating : downward long wave radiation_00005          60
 Interpolating : downward long wave radiation_00006          62
 Interpolating : downward long wave radiation_00007          64
 Interpolating : downward long wave radiation_00008          66
 Interpolating : downward long wave radiation_00009          68
 Interpolating : downward long wave radiation_00010          70
 Interpolating : downward long wave radiation_00011          72
 Interpolating : downward long wave radiation_00012          74
 Interpolating : downward long wave radiation_00013          76
 Interpolating : downward long wave radiation_00014          78
 Interpolating : downward long wave radiation_00015          80
 Interpolating : downward long wave radiation_00016          82
 Interpolating : downward long wave radiation_00017          84
 Interpolating : downward long wave radiation_00018          86
 Interpolating : downward long wave radiation_00019          88
 Interpolating : downward long wave radiation_00020          90
 Interpolating : downward long wave radiation_00021          92
 Interpolating : downward long wave radiation_00022          94
 Interpolating : downward long wave radiation_00023          96
 Interpolating : downward long wave radiation_00024          98
 Interpolating : downward long wave radiation_00025         100
 Reading precipitation fields
 Interpolating : precipitation_00001         102
 Interpolating : precipitation_00002         104
 Interpolating : precipitation_00003         106
 Interpolating : precipitation_00004         108
 Interpolating : precipitation_00005         110
 Interpolating : precipitation_00006         112
 Interpolating : precipitation_00007         114
 Interpolating : precipitation_00008         116
 Interpolating : precipitation_00009         118
 Interpolating : precipitation_00010         120
 Interpolating : precipitation_00011         122
 Interpolating : precipitation_00012         124
 Interpolating : precipitation_00013         126
 Interpolating : precipitation_00014         128
 Interpolating : precipitation_00015         130
 Interpolating : precipitation_00016         132
 Interpolating : precipitation_00017         134
 Interpolating : precipitation_00018         136
 Interpolating : precipitation_00019         138
 Interpolating : precipitation_00020         140
 Interpolating : precipitation_00021         142
 Interpolating : precipitation_00022         144
 Interpolating : precipitation_00023         146
 Interpolating : precipitation_00024         148
 Interpolating : precipitation_00025         150
 Reading relative humidity fields
 Interpolating : relative humidity_00001         152
 Interpolating : relative humidity_00002         154
 Interpolating : relative humidity_00003         156
 Interpolating : relative humidity_00004         158
 Interpolating : relative humidity_00005         160
 Interpolating : relative humidity_00006         162
 Interpolating : relative humidity_00007         164
 Interpolating : relative humidity_00008         166
 Interpolating : relative humidity_00009         168
 Interpolating : relative humidity_00010         170
 Interpolating : relative humidity_00011         172
 Interpolating : relative humidity_00012         174
 Interpolating : relative humidity_00013         176
 Interpolating : relative humidity_00014         178
 Interpolating : relative humidity_00015         180
 Interpolating : relative humidity_00016         182
 Interpolating : relative humidity_00017         184
 Interpolating : relative humidity_00018         186
 Interpolating : relative humidity_00019         188
 Interpolating : relative humidity_00020         190
 Interpolating : relative humidity_00021         192
 Interpolating : relative humidity_00022         194
 Interpolating : relative humidity_00023         196
 Interpolating : relative humidity_00024         198
 Interpolating : relative humidity_00025         200
 Unknown property: 
 sea water temperature                                                          
                                                  
 Reading solar radiation fields
 Interpolating : solar radiation_00001         202
 Interpolating : solar radiation_00002         204
 Interpolating : solar radiation_00003         206
 Interpolating : solar radiation_00004         208
 Interpolating : solar radiation_00005         210
 Interpolating : solar radiation_00006         212
 Interpolating : solar radiation_00007         214
 Interpolating : solar radiation_00008         216
 Interpolating : solar radiation_00009         218
 Interpolating : solar radiation_00010         220
 Interpolating : solar radiation_00011         222
 Interpolating : solar radiation_00012         224
 Interpolating : solar radiation_00013         226
 Interpolating : solar radiation_00014         228
 Interpolating : solar radiation_00015         230
forrtl: error (200): program aborting due to control-C event
Image              PC                Routine            Line        Source             
ConvertToHDF5.exe  00007FF6C4651298  Unknown               Unknown  Unknown
KERNELBASE.dll     00007FFF611E5FD3  Unknown               Unknown  Unknown
KERNEL32.DLL       00007FFF62E77BD4  Unknown               Unknown  Unknown
ntdll.dll          00007FFF63FECED1  Unknown               Unknown  Unknown
